<?xml version="1.0" encoding="UTF-8"?>
<!-- Generated by org.testng.reporters.JUnitXMLReporter -->
<testsuite hostname="DESKTOP-EJBO9TN" ignored="0" name="Smoke" tests="4" failures="2" timestamp="2021-10-20T08:17:47 IST" time="270.357" errors="0">
  <testcase name="test_16618" time="23.338" classname="com.smoke.tests.SignUp"/>
  <testcase name="test_16619" time="33.889" classname="com.smoke.tests.VerifySignup">
    <failure type="java.lang.AssertionError" message="Cannot locate element with text: India
For documentation on this error, please visit: https://www.seleniumhq.org/exceptions/no_such_element.html
Build info: version: &amp;apos;3.141.59&amp;apos;, revision: &amp;apos;e82be7d358&amp;apos;, time: &amp;apos;2018-11-14T08:17:03&amp;apos;
System info: host: &amp;apos;DESKTOP-EJBO9TN&amp;apos;, ip: &amp;apos;192.168.29.35&amp;apos;, os.name: &amp;apos;Windows 10&amp;apos;, os.arch: &amp;apos;amd64&amp;apos;, os.version: &amp;apos;10.0&amp;apos;, java.version: &amp;apos;1.8.0_281&amp;apos;
Driver info: driver.version: unknown">
      <![CDATA[java.lang.AssertionError: Cannot locate element with text: India
For documentation on this error, please visit: https://www.seleniumhq.org/exceptions/no_such_element.html
Build info: version: '3.141.59', revision: 'e82be7d358', time: '2018-11-14T08:17:03'
System info: host: 'DESKTOP-EJBO9TN', ip: '192.168.29.35', os.name: 'Windows 10', os.arch: 'amd64', os.version: '10.0', java.version: '1.8.0_281'
Driver info: driver.version: unknown
at com.smoke.tests.VerifySignup.test_16619(VerifySignup.java:45)
at java.util.concurrent.ThreadPoolExecutor.runWorker(ThreadPoolExecutor.java:1149)
at java.util.concurrent.ThreadPoolExecutor$Worker.run(ThreadPoolExecutor.java:624)
at java.lang.Thread.run(Thread.java:748)
... Removed 13 stack frames]]>
    </failure>
  </testcase> <!-- test_16619 -->
  <testcase name="test_29507" time="60.168" classname="com.smoke.tests.Login">
    <failure type="java.lang.AssertionError" message="Home page is not visiable expected [true] but found [false]">
      <![CDATA[java.lang.AssertionError: Home page is not visiable expected [true] but found [false]
at com.smoke.tests.Login.test_29507(Login.java:35)
at java.util.concurrent.ThreadPoolExecutor.runWorker(ThreadPoolExecutor.java:1149)
at java.util.concurrent.ThreadPoolExecutor$Worker.run(ThreadPoolExecutor.java:624)
at java.lang.Thread.run(Thread.java:748)
... Removed 15 stack frames]]>
    </failure>
  </testcase> <!-- test_29507 -->
  <testcase name="test_29508" time="264.858" classname="com.smoke.tests.VerifyLogin"/>
</testsuite> <!-- Smoke -->
