<?xml version="1.0" encoding="UTF-8"?>
<testng-results skipped="0" failed="2" ignored="0" total="4" passed="2">
  <reporter-output>
  </reporter-output>
  <suite name="Smoke Suite" duration-ms="270357" started-at="2021-10-20T08:13:17 IST" finished-at="2021-10-20T08:17:47 IST">
    <groups>
    </groups>
    <test name="Smoke" duration-ms="270357" started-at="2021-10-20T08:13:17 IST" finished-at="2021-10-20T08:17:47 IST">
      <class name="com.smoke.tests.Login">
        <test-method status="PASS" signature="beforeMethod()[pri:0, instance:com.smoke.tests.Login@149e0f5d]" name="beforeMethod" is-config="true" duration-ms="4880" started-at="2021-10-20T08:13:17 IST" finished-at="2021-10-20T08:13:22 IST">
          <reporter-output>
          </reporter-output>
        </test-method> <!-- beforeMethod -->
        <test-method status="FAIL" signature="test_29507(java.util.HashMap,java.lang.reflect.Method)[pri:0, instance:com.smoke.tests.Login@149e0f5d]" name="test_29507" duration-ms="60168" started-at="2021-10-20T08:13:22 IST" description="Verify the Sign up with Student" data-provider="getExcelTestData" finished-at="2021-10-20T08:14:22 IST">
          <params>
            <param index="0">
              <value>
                <![CDATA[{Email=test@test.com, Password=simple, ConfirmPassword=simple}]]>
              </value>
            </param>
            <param index="1">
              <value>
                <![CDATA[public void com.smoke.tests.Login.test_29507(java.util.HashMap,java.lang.reflect.Method) throws java.lang.Exception]]>
              </value>
            </param>
          </params>
          <exception class="java.lang.AssertionError">
            <message>
              <![CDATA[Home page is not visiable expected [true] but found [false]]]>
            </message>
            <full-stacktrace>
              <![CDATA[java.lang.AssertionError: Home page is not visiable expected [true] but found [false]
at org.testng.Assert.fail(Assert.java:99)
at org.testng.Assert.failNotEquals(Assert.java:1037)
at org.testng.Assert.assertTrue(Assert.java:45)
at com.smoke.tests.Login.test_29507(Login.java:35)
at sun.reflect.NativeMethodAccessorImpl.invoke0(Native Method)
at sun.reflect.NativeMethodAccessorImpl.invoke(NativeMethodAccessorImpl.java:62)
at sun.reflect.DelegatingMethodAccessorImpl.invoke(DelegatingMethodAccessorImpl.java:43)
at java.lang.reflect.Method.invoke(Method.java:498)
at org.testng.internal.MethodInvocationHelper.invokeMethod(MethodInvocationHelper.java:133)
at org.testng.internal.TestInvoker.invokeMethod(TestInvoker.java:598)
at org.testng.internal.TestInvoker.invokeTestMethod(TestInvoker.java:173)
at org.testng.internal.MethodRunner.runInSequence(MethodRunner.java:46)
at org.testng.internal.TestInvoker$MethodInvocationAgent.invoke(TestInvoker.java:824)
at org.testng.internal.TestInvoker.invokeTestMethods(TestInvoker.java:146)
at org.testng.internal.TestMethodWorker.invokeTestMethods(TestMethodWorker.java:146)
at org.testng.internal.TestMethodWorker.run(TestMethodWorker.java:128)
at java.util.concurrent.ThreadPoolExecutor.runWorker(ThreadPoolExecutor.java:1149)
at java.util.concurrent.ThreadPoolExecutor$Worker.run(ThreadPoolExecutor.java:624)
at java.lang.Thread.run(Thread.java:748)
]]>
            </full-stacktrace>
          </exception> <!-- java.lang.AssertionError -->
          <reporter-output>
          </reporter-output>
        </test-method> <!-- test_29507 -->
        <test-method status="PASS" signature="afterMethod()[pri:0, instance:com.smoke.tests.Login@149e0f5d]" name="afterMethod" is-config="true" duration-ms="0" started-at="2021-10-20T08:14:23 IST" finished-at="2021-10-20T08:14:23 IST">
          <reporter-output>
          </reporter-output>
        </test-method> <!-- afterMethod -->
      </class> <!-- com.smoke.tests.Login -->
      <class name="com.smoke.tests.SignUp">
        <test-method status="PASS" signature="beforeMethod()[pri:0, instance:com.smoke.tests.SignUp@19bb07ed]" name="beforeMethod" is-config="true" duration-ms="5333" started-at="2021-10-20T08:13:17 IST" finished-at="2021-10-20T08:13:23 IST">
          <reporter-output>
          </reporter-output>
        </test-method> <!-- beforeMethod -->
        <test-method status="PASS" signature="test_16618(java.util.HashMap)[pri:0, instance:com.smoke.tests.SignUp@19bb07ed]" name="test_16618" duration-ms="23338" started-at="2021-10-20T08:13:23 IST" description="Verify the Sign up with newuser" data-provider="getExcelTestData" finished-at="2021-10-20T08:13:46 IST">
          <params>
            <param index="0">
              <value>
                <![CDATA[{Email=chandudemo@malinator.com, Address=Hitech City, Telephone=9014678533, FirstName=Chandu, ZipCode=500081, City=Hyderabad, Gender=Male, Hobbies=Cricket,Hockey, Date=1, ConfirmPassword=simple, Month=January, ProfilePath=\src\test\resources\Excel Files\testing.jpg, TimeZone=Asia/Kolkata, Year=1990, Skills=Android, DOB=01-Jan-1990, State=Andhra Pradesh, Country=India, LastName=Reddy, Password=simple}]]>
              </value>
            </param>
          </params>
          <reporter-output>
          </reporter-output>
        </test-method> <!-- test_16618 -->
        <test-method status="PASS" signature="afterMethod()[pri:0, instance:com.smoke.tests.SignUp@19bb07ed]" name="afterMethod" is-config="true" duration-ms="0" started-at="2021-10-20T08:13:46 IST" finished-at="2021-10-20T08:13:46 IST">
          <reporter-output>
          </reporter-output>
        </test-method> <!-- afterMethod -->
      </class> <!-- com.smoke.tests.SignUp -->
      <class name="com.smoke.tests.VerifyLogin">
        <test-method status="PASS" signature="beforeMethod()[pri:0, instance:com.smoke.tests.VerifyLogin@10e41621]" name="beforeMethod" is-config="true" duration-ms="4832" started-at="2021-10-20T08:13:17 IST" finished-at="2021-10-20T08:13:22 IST">
          <reporter-output>
          </reporter-output>
        </test-method> <!-- beforeMethod -->
        <test-method status="PASS" signature="test_29508(java.util.HashMap,java.lang.reflect.Method)[pri:0, instance:com.smoke.tests.VerifyLogin@10e41621]" name="test_29508" duration-ms="264858" started-at="2021-10-20T08:13:22 IST" description="Verify the Sign up with Student" data-provider="getExcelTestData" finished-at="2021-10-20T08:17:47 IST">
          <params>
            <param index="0">
              <value>
                <![CDATA[{Email=test@test.com, Password=simple, ConfirmPassword=simple}]]>
              </value>
            </param>
            <param index="1">
              <value>
                <![CDATA[public void com.smoke.tests.VerifyLogin.test_29508(java.util.HashMap,java.lang.reflect.Method)]]>
              </value>
            </param>
          </params>
          <reporter-output>
          </reporter-output>
        </test-method> <!-- test_29508 -->
        <test-method status="PASS" signature="afterMethod()[pri:0, instance:com.smoke.tests.VerifyLogin@10e41621]" name="afterMethod" is-config="true" duration-ms="2" started-at="2021-10-20T08:17:47 IST" finished-at="2021-10-20T08:17:47 IST">
          <reporter-output>
          </reporter-output>
        </test-method> <!-- afterMethod -->
      </class> <!-- com.smoke.tests.VerifyLogin -->
      <class name="com.smoke.tests.VerifySignup">
        <test-method status="PASS" signature="beforeMethod()[pri:0, instance:com.smoke.tests.VerifySignup@353d0772]" name="beforeMethod" is-config="true" duration-ms="5050" started-at="2021-10-20T08:13:17 IST" finished-at="2021-10-20T08:13:22 IST">
          <reporter-output>
          </reporter-output>
        </test-method> <!-- beforeMethod -->
        <test-method status="FAIL" signature="test_16619(java.util.HashMap,java.lang.reflect.Method)[pri:0, instance:com.smoke.tests.VerifySignup@353d0772]" name="test_16619" duration-ms="33889" started-at="2021-10-20T08:13:22 IST" description="Verify the Sign up" data-provider="getExcelTestData" finished-at="2021-10-20T08:13:56 IST">
          <params>
            <param index="0">
              <value>
                <![CDATA[{Email=chandudemo@malinator.com, Address=Hitech City, Telephone=9014676533, FirstName=Chandu, ZipCode=500081, City=Hyderabad, Gender=Male, Hobbies=Cricket,Hockey, Date=6, ConfirmPassword=simple, Month=November, ProfilePath=\src\test\resources\Excel Files\testing.jpg, TimeZone=Asia/Kolkata, Year=1990, Skills=Android, DOB=06-Nov-1990, State=Andhra Pradesh, Country=India, LastName=Reddy, Password=simple}]]>
              </value>
            </param>
            <param index="1">
              <value>
                <![CDATA[public void com.smoke.tests.VerifySignup.test_16619(java.util.HashMap,java.lang.reflect.Method)]]>
              </value>
            </param>
          </params>
          <exception class="java.lang.AssertionError">
            <message>
              <![CDATA[Cannot locate element with text: India
For documentation on this error, please visit: https://www.seleniumhq.org/exceptions/no_such_element.html
Build info: version: '3.141.59', revision: 'e82be7d358', time: '2018-11-14T08:17:03'
System info: host: 'DESKTOP-EJBO9TN', ip: '192.168.29.35', os.name: 'Windows 10', os.arch: 'amd64', os.version: '10.0', java.version: '1.8.0_281'
Driver info: driver.version: unknown]]>
            </message>
            <full-stacktrace>
              <![CDATA[java.lang.AssertionError: Cannot locate element with text: India
For documentation on this error, please visit: https://www.seleniumhq.org/exceptions/no_such_element.html
Build info: version: '3.141.59', revision: 'e82be7d358', time: '2018-11-14T08:17:03'
System info: host: 'DESKTOP-EJBO9TN', ip: '192.168.29.35', os.name: 'Windows 10', os.arch: 'amd64', os.version: '10.0', java.version: '1.8.0_281'
Driver info: driver.version: unknown
at org.testng.Assert.fail(Assert.java:99)
at com.smoke.tests.VerifySignup.test_16619(VerifySignup.java:45)
at sun.reflect.NativeMethodAccessorImpl.invoke0(Native Method)
at sun.reflect.NativeMethodAccessorImpl.invoke(NativeMethodAccessorImpl.java:62)
at sun.reflect.DelegatingMethodAccessorImpl.invoke(DelegatingMethodAccessorImpl.java:43)
at java.lang.reflect.Method.invoke(Method.java:498)
at org.testng.internal.MethodInvocationHelper.invokeMethod(MethodInvocationHelper.java:133)
at org.testng.internal.TestInvoker.invokeMethod(TestInvoker.java:598)
at org.testng.internal.TestInvoker.invokeTestMethod(TestInvoker.java:173)
at org.testng.internal.MethodRunner.runInSequence(MethodRunner.java:46)
at org.testng.internal.TestInvoker$MethodInvocationAgent.invoke(TestInvoker.java:824)
at org.testng.internal.TestInvoker.invokeTestMethods(TestInvoker.java:146)
at org.testng.internal.TestMethodWorker.invokeTestMethods(TestMethodWorker.java:146)
at org.testng.internal.TestMethodWorker.run(TestMethodWorker.java:128)
at java.util.concurrent.ThreadPoolExecutor.runWorker(ThreadPoolExecutor.java:1149)
at java.util.concurrent.ThreadPoolExecutor$Worker.run(ThreadPoolExecutor.java:624)
at java.lang.Thread.run(Thread.java:748)
]]>
            </full-stacktrace>
          </exception> <!-- java.lang.AssertionError -->
          <reporter-output>
          </reporter-output>
        </test-method> <!-- test_16619 -->
        <test-method status="PASS" signature="afterMethod()[pri:0, instance:com.smoke.tests.VerifySignup@353d0772]" name="afterMethod" is-config="true" duration-ms="0" started-at="2021-10-20T08:13:57 IST" finished-at="2021-10-20T08:13:57 IST">
          <reporter-output>
          </reporter-output>
        </test-method> <!-- afterMethod -->
      </class> <!-- com.smoke.tests.VerifySignup -->
    </test> <!-- Smoke -->
  </suite> <!-- Smoke Suite -->
</testng-results>
